<?xml version="1.0" encoding="UTF-8"?>
<testsuite name="remitly.swift.service.ParsingServiceTest" tests="2" skipped="0" failures="0" errors="0" timestamp="2025-04-30T16:25:29.617Z" hostname="Dzmitrys-Mac-mini.local" time="0.437">
  <properties/>
  <testcase name="parseCSVFile_throwsFileNotFoundException()" classname="remitly.swift.service.ParsingServiceTest" time="0.408"/>
  <testcase name="parseCSVFileTest()" classname="remitly.swift.service.ParsingServiceTest" time="0.028"/>
  <system-out><![CDATA[18:25:30.049 [Test worker] INFO remitly.swift.service.ParsingService -- Parsing of file is completed, file: test-data/test_swift_codes.csv
]]></system-out>
  <system-err><![CDATA[]]></system-err>
</testsuite>
