<?xml version="1.0" encoding="UTF-8"?>
<testsuite name="remitly.swift.controller.SwiftControllerIT" tests="8" skipped="0" failures="0" errors="0" timestamp="2025-04-28T11:56:09.555Z" hostname="Dzmitrys-Mac-mini.local" time="0.874">
  <properties/>
  <testcase name="getSwiftDetailsTest_branch()" classname="remitly.swift.controller.SwiftControllerIT" time="0.592"/>
  <testcase name="deleteSwiftCodeTest_throwsSwiftCodeNotFoundException()" classname="remitly.swift.controller.SwiftControllerIT" time="0.026"/>
  <testcase name="addNewSwiftCodeTest()" classname="remitly.swift.controller.SwiftControllerIT" time="0.097"/>
  <testcase name="addNewSwiftCodeTest_throwsDuplicateSwiftCodeException()" classname="remitly.swift.controller.SwiftControllerIT" time="0.024"/>
  <testcase name="getAllSwiftsByCountryTest()" classname="remitly.swift.controller.SwiftControllerIT" time="0.044"/>
  <testcase name="deleteSwiftCodeTest()" classname="remitly.swift.controller.SwiftControllerIT" time="0.022"/>
  <testcase name="getSwiftDetailsTest_headquarter()" classname="remitly.swift.controller.SwiftControllerIT" time="0.046"/>
  <testcase name="shouldGetAllSwiftsByCountryTest_throwsCountryIsoCodeNotFoundException()" classname="remitly.swift.controller.SwiftControllerIT" time="0.02"/>
  <system-out><![CDATA[13:56:05.707 [Test worker] INFO org.springframework.test.context.support.AnnotationConfigContextLoaderUtils -- Could not detect default configuration classes for test class [remitly.swift.controller.SwiftControllerIT]: SwiftControllerIT does not declare any static, non-private, non-final, nested classes annotated with @Configuration.
13:56:05.766 [Test worker] INFO org.springframework.boot.test.context.SpringBootTestContextBootstrapper -- Found @SpringBootConfiguration remitly.swift.SwiftApplication for test class remitly.swift.controller.SwiftControllerIT
13:56:05.808 [Test worker] INFO org.testcontainers.images.PullPolicy -- Image pull policy will be performed by: DefaultPullPolicy()
13:56:05.809 [Test worker] INFO org.testcontainers.utility.ImageNameSubstitutor -- Image name substitution will be performed by: DefaultImageNameSubstitutor (composite of 'ConfigurationFileImageNameSubstitutor' and 'PrefixingImageNameSubstitutor')
13:56:05.812 [Test worker] INFO org.testcontainers.DockerClientFactory -- Testcontainers version: 1.20.6
13:56:05.867 [Test worker] INFO org.testcontainers.dockerclient.DockerClientProviderStrategy -- Loaded org.testcontainers.dockerclient.UnixSocketClientProviderStrategy from ~/.testcontainers.properties, will try it first
13:56:05.973 [Test worker] INFO org.testcontainers.dockerclient.DockerClientProviderStrategy -- Found Docker environment with local Unix socket (unix:///var/run/docker.sock)
13:56:05.974 [Test worker] INFO org.testcontainers.DockerClientFactory -- Docker host IP address is localhost
13:56:05.987 [Test worker] INFO org.testcontainers.DockerClientFactory -- Connected to docker: 
  Server Version: 28.0.4
  API Version: 1.48
  Operating System: Docker Desktop
  Total Memory: 7837 MB
  Labels: 
    com.docker.desktop.address=unix:///Users/dzmitrykuzma/Library/Containers/com.docker.docker/Data/docker-cli.sock
13:56:06.066 [Test worker] INFO tc.testcontainers/ryuk:0.11.0 -- Creating container for image: testcontainers/ryuk:0.11.0
13:56:06.263 [Test worker] INFO tc.testcontainers/ryuk:0.11.0 -- Container testcontainers/ryuk:0.11.0 is starting: edccb85c4b403c2af1ba2f71d24e0e7e1bce1776f61bada5d9b5fc0049b90f39
13:56:06.472 [Test worker] INFO tc.testcontainers/ryuk:0.11.0 -- Container testcontainers/ryuk:0.11.0 started in PT0.405365S
13:56:06.475 [Test worker] INFO org.testcontainers.utility.RyukResourceReaper -- Ryuk started - will monitor and terminate Testcontainers containers on JVM exit
13:56:06.476 [Test worker] INFO org.testcontainers.DockerClientFactory -- Checking the system...
13:56:06.476 [Test worker] INFO org.testcontainers.DockerClientFactory -- ✔︎ Docker server version should be at least 1.6.0
13:56:06.477 [Test worker] INFO tc.postgres:16-alpine -- Creating container for image: postgres:16-alpine
13:56:06.527 [Test worker] INFO tc.postgres:16-alpine -- Container postgres:16-alpine is starting: b25d0e3ec496cec71e330773ecbd2ba96d9f778642c56165f78a5d98d5febd23
13:56:07.398 [Test worker] INFO tc.postgres:16-alpine -- Container postgres:16-alpine started in PT0.921733S
13:56:07.399 [Test worker] INFO tc.postgres:16-alpine -- Container is started (JDBC URL: jdbc:postgresql://localhost:63922/test?loggerLevel=OFF)

  .   ____          _            __ _ _
 /\\ / ___'_ __ _ _(_)_ __  __ _ \ \ \ \
( ( )\___ | '_ | '_| | '_ \/ _` | \ \ \ \
 \\/  ___)| |_)| | | | | || (_| |  ) ) ) )
  '  |____| .__|_| |_|_| |_\__, | / / / /
 =========|_|==============|___/=/_/_/_/

 :: Spring Boot ::                (v3.4.4)

2025-04-28T13:56:07.550+02:00  INFO 28618 --- [    Test worker] r.swift.controller.SwiftControllerIT     : Starting SwiftControllerIT using Java 17.0.14 with PID 28618 (started by dzmitrykuzma in /Users/dzmitrykuzma/Desktop/swift-management-app)
2025-04-28T13:56:07.551+02:00  INFO 28618 --- [    Test worker] r.swift.controller.SwiftControllerIT     : No active profile set, falling back to 1 default profile: "default"
2025-04-28T13:56:07.820+02:00  INFO 28618 --- [    Test worker] .s.d.r.c.RepositoryConfigurationDelegate : Bootstrapping Spring Data JPA repositories in DEFAULT mode.
2025-04-28T13:56:07.838+02:00  INFO 28618 --- [    Test worker] .s.d.r.c.RepositoryConfigurationDelegate : Finished Spring Data repository scanning in 13 ms. Found 1 JPA repository interface.
2025-04-28T13:56:08.387+02:00  INFO 28618 --- [    Test worker] o.s.b.w.embedded.tomcat.TomcatWebServer  : Tomcat initialized with port 0 (http)
2025-04-28T13:56:08.393+02:00  INFO 28618 --- [    Test worker] o.apache.catalina.core.StandardService   : Starting service [Tomcat]
2025-04-28T13:56:08.393+02:00  INFO 28618 --- [    Test worker] o.apache.catalina.core.StandardEngine    : Starting Servlet engine: [Apache Tomcat/10.1.39]
2025-04-28T13:56:08.420+02:00  INFO 28618 --- [    Test worker] o.a.c.c.C.[Tomcat].[localhost].[/]       : Initializing Spring embedded WebApplicationContext
2025-04-28T13:56:08.420+02:00  INFO 28618 --- [    Test worker] w.s.c.ServletWebServerApplicationContext : Root WebApplicationContext: initialization completed in 793 ms
2025-04-28T13:56:08.479+02:00  INFO 28618 --- [    Test worker] com.zaxxer.hikari.HikariDataSource       : HikariPool-1 - Starting...
2025-04-28T13:56:08.548+02:00  INFO 28618 --- [    Test worker] com.zaxxer.hikari.pool.HikariPool        : HikariPool-1 - Added connection org.postgresql.jdbc.PgConnection@3976910
2025-04-28T13:56:08.548+02:00  INFO 28618 --- [    Test worker] com.zaxxer.hikari.HikariDataSource       : HikariPool-1 - Start completed.
2025-04-28T13:56:08.617+02:00  INFO 28618 --- [    Test worker] liquibase.database                       : Set default schema name to public
2025-04-28T13:56:08.723+02:00  INFO 28618 --- [    Test worker] liquibase.changelog                      : Creating database history table with name: public.databasechangelog
2025-04-28T13:56:08.740+02:00  INFO 28618 --- [    Test worker] liquibase.changelog                      : Reading from public.databasechangelog
2025-04-28T13:56:08.768+02:00  INFO 28618 --- [    Test worker] liquibase.lockservice                    : Successfully acquired change log lock
2025-04-28T13:56:08.768+02:00  INFO 28618 --- [    Test worker] liquibase.command                        : Using deploymentId: 5841368768
2025-04-28T13:56:08.770+02:00  INFO 28618 --- [    Test worker] liquibase.changelog                      : Reading from public.databasechangelog
2025-04-28T13:56:08.772+02:00  INFO 28618 --- [    Test worker] liquibase.ui                             : Running Changeset: db/changelog/changeset/V001__add_table_swift_codes.sql::raw::includeAll
2025-04-28T13:56:08.783+02:00  INFO 28618 --- [    Test worker] liquibase.changelog                      : Custom SQL executed
2025-04-28T13:56:08.784+02:00  INFO 28618 --- [    Test worker] liquibase.changelog                      : ChangeSet db/changelog/changeset/V001__add_table_swift_codes.sql::raw::includeAll ran successfully in 11ms
2025-04-28T13:56:08.790+02:00  INFO 28618 --- [    Test worker] liquibase.util                           : UPDATE SUMMARY
2025-04-28T13:56:08.790+02:00  INFO 28618 --- [    Test worker] liquibase.util                           : Run:                          1
2025-04-28T13:56:08.790+02:00  INFO 28618 --- [    Test worker] liquibase.util                           : Previously run:               0
2025-04-28T13:56:08.790+02:00  INFO 28618 --- [    Test worker] liquibase.util                           : Filtered out:                 0
2025-04-28T13:56:08.790+02:00  INFO 28618 --- [    Test worker] liquibase.util                           : -------------------------------
2025-04-28T13:56:08.791+02:00  INFO 28618 --- [    Test worker] liquibase.util                           : Total change sets:            1
2025-04-28T13:56:08.791+02:00  INFO 28618 --- [    Test worker] liquibase.util                           : Update summary generated
2025-04-28T13:56:08.792+02:00  INFO 28618 --- [    Test worker] liquibase.command                        : Update command completed successfully.
2025-04-28T13:56:08.792+02:00  INFO 28618 --- [    Test worker] liquibase.ui                             : Liquibase: Update has been successful. Rows affected: 1
2025-04-28T13:56:08.796+02:00  INFO 28618 --- [    Test worker] liquibase.lockservice                    : Successfully released change log lock
2025-04-28T13:56:08.798+02:00  INFO 28618 --- [    Test worker] liquibase.command                        : Command execution complete
2025-04-28T13:56:08.832+02:00  INFO 28618 --- [    Test worker] o.hibernate.jpa.internal.util.LogHelper  : HHH000204: Processing PersistenceUnitInfo [name: default]
2025-04-28T13:56:08.856+02:00  INFO 28618 --- [    Test worker] org.hibernate.Version                    : HHH000412: Hibernate ORM core version 6.6.11.Final
2025-04-28T13:56:08.870+02:00  INFO 28618 --- [    Test worker] o.h.c.internal.RegionFactoryInitiator    : HHH000026: Second-level cache disabled
2025-04-28T13:56:08.921+02:00  INFO 28618 --- [    Test worker] o.s.o.j.p.SpringPersistenceUnitInfo      : No LoadTimeWeaver setup: ignoring JPA class transformer
2025-04-28T13:56:08.939+02:00  WARN 28618 --- [    Test worker] org.hibernate.orm.deprecation            : HHH90000025: PostgreSQLDialect does not need to be specified explicitly using 'hibernate.dialect' (remove the property setting and it will be selected by default)
2025-04-28T13:56:08.946+02:00  INFO 28618 --- [    Test worker] org.hibernate.orm.connections.pooling    : HHH10001005: Database info:
	Database JDBC URL [Connecting through datasource 'HikariDataSource (HikariPool-1)']
	Database driver: undefined/unknown
	Database version: 16.8
	Autocommit mode: undefined/unknown
	Isolation level: undefined/unknown
	Minimum pool size: undefined/unknown
	Maximum pool size: undefined/unknown
2025-04-28T13:56:09.193+02:00  INFO 28618 --- [    Test worker] o.h.e.t.j.p.i.JtaPlatformInitiator       : HHH000489: No JTA platform available (set 'hibernate.transaction.jta.platform' to enable JTA platform integration)
2025-04-28T13:56:09.194+02:00  INFO 28618 --- [    Test worker] j.LocalContainerEntityManagerFactoryBean : Initialized JPA EntityManagerFactory for persistence unit 'default'
2025-04-28T13:56:09.301+02:00  INFO 28618 --- [    Test worker] o.s.d.j.r.query.QueryEnhancerFactory     : Hibernate is in classpath; If applicable, HQL parser will be used.
2025-04-28T13:56:09.346+02:00  WARN 28618 --- [    Test worker] JpaBaseConfiguration$JpaWebConfiguration : spring.jpa.open-in-view is enabled by default. Therefore, database queries may be performed during view rendering. Explicitly configure spring.jpa.open-in-view to disable this warning
2025-04-28T13:56:09.481+02:00  INFO 28618 --- [    Test worker] o.a.c.c.C.[Tomcat].[localhost].[/]       : Initializing Spring TestDispatcherServlet ''
2025-04-28T13:56:09.481+02:00  INFO 28618 --- [    Test worker] o.s.t.web.servlet.TestDispatcherServlet  : Initializing Servlet ''
2025-04-28T13:56:09.482+02:00  INFO 28618 --- [    Test worker] o.s.t.web.servlet.TestDispatcherServlet  : Completed initialization in 0 ms
2025-04-28T13:56:09.548+02:00  INFO 28618 --- [    Test worker] o.s.b.w.embedded.tomcat.TomcatWebServer  : Tomcat started on port 63936 (http) with context path '/'
2025-04-28T13:56:09.552+02:00  INFO 28618 --- [    Test worker] r.swift.controller.SwiftControllerIT     : Started SwiftControllerIT in 2.121 seconds (process running for 4.132)
2025-04-28T13:56:09.865+02:00  INFO 28618 --- [o-auto-1-exec-1] o.a.c.c.C.[Tomcat].[localhost].[/]       : Initializing Spring DispatcherServlet 'dispatcherServlet'
2025-04-28T13:56:09.866+02:00  INFO 28618 --- [o-auto-1-exec-1] o.s.web.servlet.DispatcherServlet        : Initializing Servlet 'dispatcherServlet'
2025-04-28T13:56:09.866+02:00  INFO 28618 --- [o-auto-1-exec-1] o.s.web.servlet.DispatcherServlet        : Completed initialization in 0 ms
2025-04-28T13:56:10.242+02:00  INFO 28618 --- [o-auto-1-exec-3] remitly.swift.service.SwiftService       : Saved new Swift code: Swift(id=5, address=123 Main St, bankName=Test Bank, countryISO2=US, countryName=UNITED STATES, headquarter=true, swiftCode=TESTUS33XXX)
2025-04-28T13:56:10.352+02:00  INFO 28618 --- [o-auto-1-exec-7] remitly.swift.service.SwiftService       : Deleted Swift code: AAISALTRXXX
]]></system-out>
  <system-err><![CDATA[]]></system-err>
</testsuite>
